<?xml version="1.0" encoding="UTF-8"?>
<!-- Generated by org.testng.reporters.JUnitReportReporter -->
<testsuite skipped="1" hostname="Mustafas-Air.attlocal.net" name="tests.LoginTest" tests="4" failures="0" timestamp="2019-12-28T11:22:57 CST" time="29.238" errors="0">
  <testcase name="loginToCanvasTest" time="9.566" classname="tests.LoginTest"/>
  <testcase name="loginToCanvasTest" time="10.619" classname="tests.LoginTest"/>
  <testcase name="loginToCanvasTest" time="9.053" classname="tests.LoginTest"/>
  <testcase name="loginToTestEnvironmentTest" classname="tests.LoginTest">
    <skipped/>
  </testcase> <!-- loginToTestEnvironmentTest -->
</testsuite> <!-- tests.LoginTest -->
