<?xml version="1.0" encoding="UTF-8"?>
<!-- Generated by org.testng.reporters.JUnitReportReporter -->
<testsuite skipped="1" hostname="Mustafas-Air.attlocal.net" name="tests.TestNgBasics" tests="3" failures="0" timestamp="2019-12-26T17:39:49 CST" time="0.016" errors="0">
  <testcase name="testThree" time="0.010" classname="tests.TestNgBasics"/>
  <testcase name="f" time="0.006" classname="tests.TestNgBasics"/>
  <testcase name="testSecond" classname="tests.TestNgBasics">
    <skipped/>
  </testcase> <!-- testSecond -->
</testsuite> <!-- tests.TestNgBasics -->
