<?xml version="1.0" encoding="UTF-8"?>
<!-- Generated by org.testng.reporters.JUnitReportReporter -->
<testsuite skipped="0" hostname="Mustafas-Air.attlocal.net" name="tests.TestNGParametere" tests="1" failures="0" timestamp="2019-12-26T00:33:48 CST" time="0.021" errors="0">
  <testcase name="login" time="0.021" classname="tests.TestNGParametere"/>
</testsuite> <!-- tests.TestNGParametere -->
