<?xml version="1.0" encoding="UTF-8"?>
<!-- Generated by org.testng.reporters.JUnitReportReporter -->
<testsuite skipped="1" hostname="Mustafas-Air.attlocal.net" name="tests.TestNgBasic" tests="3" failures="0" timestamp="2019-12-25T22:37:22 CST" time="0.019" errors="0">
  <testcase name="testThree" time="0.009" classname="tests.TestNgBasic"/>
  <testcase name="f" time="0.010" classname="tests.TestNgBasic"/>
  <testcase name="testSecond" classname="tests.TestNgBasic">
    <skipped/>
  </testcase> <!-- testSecond -->
</testsuite> <!-- tests.TestNgBasic -->
