<?xml version="1.0" encoding="UTF-8"?>
<!-- Generated by org.testng.reporters.JUnitReportReporter -->
<testsuite skipped="2" hostname="Mustafas-Air.attlocal.net" name="tests.TestNGClassPractice" tests="5" failures="0" timestamp="2019-12-26T02:00:45 CST" time="0.032" errors="0">
  <testcase name="testFour" time="0.012" classname="tests.TestNGClassPractice"/>
  <testcase name="testFive" time="0.006" classname="tests.TestNGClassPractice"/>
  <testcase name="testOne" time="0.014" classname="tests.TestNGClassPractice"/>
  <testcase name="testThree" classname="tests.TestNGClassPractice">
    <skipped/>
  </testcase> <!-- testThree -->
  <testcase name="testTwo" classname="tests.TestNGClassPractice">
    <skipped/>
  </testcase> <!-- testTwo -->
</testsuite> <!-- tests.TestNGClassPractice -->
