<?xml version="1.0" encoding="UTF-8"?>
<!-- Generated by org.testng.reporters.JUnitReportReporter -->
<testsuite skipped="0" hostname="Mustafas-Air.attlocal.net" name="tests.DataProviderPractice" tests="4" failures="0" timestamp="2019-12-26T20:20:14 CST" time="0.040" errors="0">
  <testcase name="dataProviderTest" time="0.005" classname="tests.DataProviderPractice"/>
  <testcase name="dataProviderTest" time="0.008" classname="tests.DataProviderPractice"/>
  <testcase name="dataProviderTest" time="0.007" classname="tests.DataProviderPractice"/>
  <testcase name="dataProviderTest" time="0.020" classname="tests.DataProviderPractice"/>
</testsuite> <!-- tests.DataProviderPractice -->
