<?xml version="1.0" encoding="UTF-8"?>
<!-- Generated by org.testng.reporters.JUnitReportReporter -->
<testsuite skipped="1" hostname="Mustafas-Air.attlocal.net" name="tests.TestNGParametersPractice" tests="3" failures="0" timestamp="2019-12-26T17:40:09 CST" time="0.027" errors="0">
  <testcase name="firstTest" time="0.012" classname="tests.TestNGParametersPractice"/>
  <testcase name="secondTest" time="0.015" classname="tests.TestNGParametersPractice"/>
  <testcase name="thirdTest" classname="tests.TestNGParametersPractice">
    <skipped/>
  </testcase> <!-- thirdTest -->
</testsuite> <!-- tests.TestNGParametersPractice -->
