<?xml version="1.0" encoding="UTF-8"?>
<!-- Generated by org.testng.reporters.JUnitReportReporter -->
<testsuite skipped="0" hostname="Mustafas-Air.attlocal.net" name="tests.TestEnvironment" tests="3" failures="0" timestamp="2020-01-02T13:27:09 CST" time="37.983" errors="0">
  <testcase name="testEnvironmentTest" time="12.872" classname="tests.TestEnvironment"/>
  <testcase name="testEnvironmentTest" time="13.258" classname="tests.TestEnvironment"/>
  <testcase name="testEnvironmentTest" time="11.853" classname="tests.TestEnvironment"/>
</testsuite> <!-- tests.TestEnvironment -->
